<?xml version="1.0" encoding="UTF-8"?>
<testng-results ignored="0" total="2" passed="2" failed="0" skipped="0">
  <reporter-output>
    <line>
      <![CDATA[Hello Test NG]]>
    </line>
    <line>
      <![CDATA[Hello Test NG 2]]>
    </line>
  </reporter-output>
  <suite started-at="2024-09-01T12:04:02 IST" name="Default suite" finished-at="2024-09-01T12:04:02 IST" duration-ms="80">
    <groups>
    </groups>
    <test started-at="2024-09-01T12:04:02 IST" name="Default test" finished-at="2024-09-01T12:04:02 IST" duration-ms="80">
      <class name="demo.TestNGClass">
        <test-method signature="demoTest()[pri:0, instance:demo.TestNGClass@6c284af]" started-at="2024-09-01T12:04:02 IST" name="demoTest" finished-at="2024-09-01T12:04:02 IST" duration-ms="13" status="PASS">
          <reporter-output>
            <line>
              <![CDATA[Hello Test NG]]>
            </line>
          </reporter-output>
        </test-method> <!-- demoTest -->
        <test-method signature="demoTest2()[pri:0, instance:demo.TestNGClass@6c284af]" started-at="2024-09-01T12:04:02 IST" name="demoTest2" finished-at="2024-09-01T12:04:02 IST" duration-ms="2" status="PASS">
          <reporter-output>
            <line>
              <![CDATA[Hello Test NG 2]]>
            </line>
          </reporter-output>
        </test-method> <!-- demoTest2 -->
      </class> <!-- demo.TestNGClass -->
    </test> <!-- Default test -->
  </suite> <!-- Default suite -->
</testng-results>
